# JRE version: Java(TM) SE Runtime Environment (8.0_144-b01) (build 1.8.0_144-b01)
# Java VM: Java HotSpot(TM) 64-Bit Server VM (25.144-b01 mixed mode windows-amd64 compressed oops)
Heap:
 PSYoungGen      total 19968K, used 16229K [0x00000000d5f00000, 0x00000000d8180000, 0x0000000100000000)
  eden space 14336K, 99% used [0x00000000d5f00000,0x00000000d6cdd948,0x00000000d6d00000)
  from space 5632K, 36% used [0x00000000d6d00000,0x00000000d6efbc28,0x00000000d7280000)
  to   space 7680K, 0% used [0x00000000d7a00000,0x00000000d7a00000,0x00000000d8180000)
 ParOldGen       total 21504K, used 13528K [0x0000000081c00000, 0x0000000083100000, 0x00000000d5f00000)
  object space 21504K, 62% used [0x0000000081c00000,0x0000000082936370,0x0000000083100000)
 Metaspace       used 7772K, capacity 8436K, committed 8704K, reserved 1056768K
  class space    used 908K, capacity 944K, committed 1024K, reserved 1048576K
GC Heap History (10 events):
Event: 1.206 GC heap before
{Heap before GC invocations=9 (full 0):
 PSYoungGen      total 11776K, used 11753K [0x00000000d5f00000, 0x00000000d6f00000, 0x0000000100000000)
  eden space 10240K, 100% used [0x00000000d5f00000,0x00000000d6900000,0x00000000d6900000)
  from space 1536K, 98% used [0x00000000d6b80000,0x00000000d6cfa788,0x00000000d6d00000)
  to   space 2560K, 0% used [0x00000000d6900000,0x00000000d6900000,0x00000000d6b80000)
 ParOldGen       total 5632K, used 2571K [0x0000000081c00000, 0x0000000082180000, 0x00000000d5f00000)
  object space 5632K, 45% used [0x0000000081c00000,0x0000000081e82e68,0x0000000082180000)
 Metaspace       used 7551K, capacity 8308K, committed 8448K, reserved 1056768K
  class space    used 894K, capacity 944K, committed 1024K, reserved 1048576K
Event: 1.230 GC heap after
Heap after GC invocations=9 (full 0):
 PSYoungGen      total 12800K, used 2536K [0x00000000d5f00000, 0x00000000d7600000, 0x0000000100000000)
  eden space 10240K, 0% used [0x00000000d5f00000,0x00000000d5f00000,0x00000000d6900000)
  from space 2560K, 99% used [0x00000000d6900000,0x00000000d6b7a2d8,0x00000000d6b80000)
  to   space 3584K, 0% used [0x00000000d7280000,0x00000000d7280000,0x00000000d7600000)
 ParOldGen       total 5632K, used 3825K [0x0000000081c00000, 0x0000000082180000, 0x00000000d5f00000)
  object space 5632K, 67% used [0x0000000081c00000,0x0000000081fbc760,0x0000000082180000)
 Metaspace       used 7551K, capacity 8308K, committed 8448K, reserved 1056768K
  class space    used 894K, capacity 944K, committed 1024K, reserved 1048576K
}
Event: 1.428 GC heap before
{Heap before GC invocations=10 (full 0):
 PSYoungGen      total 12800K, used 12776K [0x00000000d5f00000, 0x00000000d7600000, 0x0000000100000000)
  eden space 10240K, 100% used [0x00000000d5f00000,0x00000000d6900000,0x00000000d6900000)
  from space 2560K, 99% used [0x00000000d6900000,0x00000000d6b7a2d8,0x00000000d6b80000)
  to   space 3584K, 0% used [0x00000000d7280000,0x00000000d7280000,0x00000000d7600000)
 ParOldGen       total 5632K, used 3825K [0x0000000081c00000, 0x0000000082180000, 0x00000000d5f00000)
  object space 5632K, 67% used [0x0000000081c00000,0x0000000081fbc760,0x0000000082180000)
 Metaspace       used 7694K, capacity 8372K, committed 8704K, reserved 1056768K
  class space    used 903K, capacity 944K, committed 1024K, reserved 1048576K
Event: 1.447 GC heap after
Heap after GC invocations=10 (full 0):
 PSYoungGen      total 17920K, used 3556K [0x00000000d5f00000, 0x00000000d7a00000, 0x0000000100000000)
  eden space 14336K, 0% used [0x00000000d5f00000,0x00000000d5f00000,0x00000000d6d00000)
  from space 3584K, 99% used [0x00000000d7280000,0x00000000d75f91c0,0x00000000d7600000)
  to   space 5632K, 0% used [0x00000000d6d00000,0x00000000d6d00000,0x00000000d7280000)
 ParOldGen       total 8704K, used 8237K [0x0000000081c00000, 0x0000000082480000, 0x00000000d5f00000)
  object space 8704K, 94% used [0x0000000081c00000,0x000000008240b708,0x0000000082480000)
 Metaspace       used 7694K, capacity 8372K, committed 8704K, reserved 1056768K
  class space    used 903K, capacity 944K, committed 1024K, reserved 1048576K
}
Event: 1.447 GC heap before
{Heap before GC invocations=11 (full 1):
 PSYoungGen      total 17920K, used 3556K [0x00000000d5f00000, 0x00000000d7a00000, 0x0000000100000000)
  eden space 14336K, 0% used [0x00000000d5f00000,0x00000000d5f00000,0x00000000d6d00000)
  from space 3584K, 99% used [0x00000000d7280000,0x00000000d75f91c0,0x00000000d7600000)
  to   space 5632K, 0% used [0x00000000d6d00000,0x00000000d6d00000,0x00000000d7280000)
 ParOldGen       total 8704K, used 8237K [0x0000000081c00000, 0x0000000082480000, 0x00000000d5f00000)
  object space 8704K, 94% used [0x0000000081c00000,0x000000008240b708,0x0000000082480000)
 Metaspace       used 7694K, capacity 8372K, committed 8704K, reserved 1056768K
  class space    used 903K, capacity 944K, committed 1024K, reserved 1048576K
Event: 1.516 GC heap after
Heap after GC invocations=11 (full 1):
 PSYoungGen      total 17920K, used 483K [0x00000000d5f00000, 0x00000000d7a00000, 0x0000000100000000)
  eden space 14336K, 0% used [0x00000000d5f00000,0x00000000d5f00000,0x00000000d6d00000)
  from space 3584K, 13% used [0x00000000d7280000,0x00000000d72f8f20,0x00000000d7600000)
  to   space 5632K, 0% used [0x00000000d6d00000,0x00000000d6d00000,0x00000000d7280000)
 ParOldGen       total 13824K, used 8414K [0x0000000081c00000, 0x0000000082980000, 0x00000000d5f00000)
  object space 13824K, 60% used [0x0000000081c00000,0x00000000824379a0,0x0000000082980000)
 Metaspace       used 7694K, capacity 8372K, committed 8704K, reserved 1056768K
  class space    used 903K, capacity 944K, committed 1024K, reserved 1048576K
}
Event: 1.691 GC heap before
{Heap before GC invocations=12 (full 1):
 PSYoungGen      total 17920K, used 14819K [0x00000000d5f00000, 0x00000000d7a00000, 0x0000000100000000)
  eden space 14336K, 100% used [0x00000000d5f00000,0x00000000d6d00000,0x00000000d6d00000)
  from space 3584K, 13% used [0x00000000d7280000,0x00000000d72f8f20,0x00000000d7600000)
  to   space 5632K, 0% used [0x00000000d6d00000,0x00000000d6d00000,0x00000000d7280000)
 ParOldGen       total 13824K, used 8414K [0x0000000081c00000, 0x0000000082980000, 0x00000000d5f00000)
  object space 13824K, 60% used [0x0000000081c00000,0x00000000824379a0,0x0000000082980000)
 Metaspace       used 7701K, capacity 8372K, committed 8704K, reserved 1056768K
  class space    used 903K, capacity 944K, committed 1024K, reserved 1048576K
Event: 1.706 GC heap after
Heap after GC invocations=12 (full 1):
 PSYoungGen      total 19968K, used 5617K [0x00000000d5f00000, 0x00000000d8180000, 0x0000000100000000)
  eden space 14336K, 0% used [0x00000000d5f00000,0x00000000d5f00000,0x00000000d6d00000)
  from space 5632K, 99% used [0x00000000d6d00000,0x00000000d727c698,0x00000000d7280000)
  to   space 7680K, 0% used [0x00000000d7a00000,0x00000000d7a00000,0x00000000d8180000)
 ParOldGen       total 13824K, used 10990K [0x0000000081c00000, 0x0000000082980000, 0x00000000d5f00000)
  object space 13824K, 79% used [0x0000000081c00000,0x00000000826bb9a0,0x0000000082980000)
 Metaspace       used 7701K, capacity 8372K, committed 8704K, reserved 1056768K
  class space    used 903K, capacity 944K, committed 1024K, reserved 1048576K
}
Event: 1.706 GC heap before
{Heap before GC invocations=13 (full 2):
 PSYoungGen      total 19968K, used 5617K [0x00000000d5f00000, 0x00000000d8180000, 0x0000000100000000)
  eden space 14336K, 0% used [0x00000000d5f00000,0x00000000d5f00000,0x00000000d6d00000)
  from space 5632K, 99% used [0x00000000d6d00000,0x00000000d727c698,0x00000000d7280000)
  to   space 7680K, 0% used [0x00000000d7a00000,0x00000000d7a00000,0x00000000d8180000)
 ParOldGen       total 13824K, used 10990K [0x0000000081c00000, 0x0000000082980000, 0x00000000d5f00000)
  object space 13824K, 79% used [0x0000000081c00000,0x00000000826bb9a0,0x0000000082980000)
 Metaspace       used 7701K, capacity 8372K, committed 8704K, reserved 1056768K
  class space    used 903K, capacity 944K, committed 1024K, reserved 1048576K
Event: 1.827 GC heap after
Heap after GC invocations=13 (full 2):
 PSYoungGen      total 19968K, used 2031K [0x00000000d5f00000, 0x00000000d8180000, 0x0000000100000000)
  eden space 14336K, 0% used [0x00000000d5f00000,0x00000000d5f00000,0x00000000d6d00000)
  from space 5632K, 36% used [0x00000000d6d00000,0x00000000d6efbc28,0x00000000d7280000)
  to   space 7680K, 0% used [0x00000000d7a00000,0x00000000d7a00000,0x00000000d8180000)
 ParOldGen       total 21504K, used 13528K [0x0000000081c00000, 0x0000000083100000, 0x00000000d5f00000)
  object space 21504K, 62% used [0x0000000081c00000,0x0000000082936370,0x0000000083100000)
 Metaspace       used 7701K, capacity 8372K, committed 8704K, reserved 1056768K
  class space    used 903K, capacity 944K, committed 1024K, reserved 1048576K
}

